<?xml version="1.0" encoding="UTF-8"?>
<testsuite xmlns:xsi="http://www.w3.org/2001/XMLSchema-instance" xsi:schemaLocation="https://maven.apache.org/surefire/maven-surefire-plugin/xsd/surefire-test-report.xsd" name="app.controller.UserControllerTest" time="6.307" tests="5" errors="0" skipped="0" failures="0">
  <properties>
[...]
</properties>
  <testcase name="addUserSuccess" classname="app.controller.UserControllerTest" time="0.438"/>
  <testcase name="editUserSuccess" classname="app.controller.UserControllerTest" time="0.015"/>
  <testcase name="getUserListSuccess" classname="app.controller.UserControllerTest" time="0.016"/>
  <testcase name="getStatusInfoTest" classname="app.controller.UserControllerTest" time="0.015"/>
  <testcase name="deleteUser" classname="app.controller.UserControllerTest" time="0"/>
</testsuite>